<?xml version="1.0" encoding="UTF-8"?>
<!-- Generated by org.testng.reporters.JUnitReportReporter -->
<testsuite hostname="DESKTOP-GCQC1IE" failures="0" tests="1" name="OpenMRS.TC_03_InvalidPassword" time="11.727" errors="0" timestamp="2022-08-10T13:28:06 IST" skipped="0">
  <testcase classname="OpenMRS.TC_03_InvalidPassword" name="login" time="11.727"/>
  <system-out/>
</testsuite> <!-- OpenMRS.TC_03_InvalidPassword -->
