<?xml version="1.0" encoding="UTF-8"?>
<!-- Generated by org.testng.reporters.JUnitReportReporter -->
<testsuite hostname="DESKTOP-GCQC1IE" failures="0" tests="2" name="OpenMRS.TC_Annotations" time="0.015" errors="0" timestamp="2022-08-16T20:15:48 IST" skipped="0">
  <testcase classname="OpenMRS.TC_Annotations" name="register" time="0.003"/>
  <system-out/>
  <testcase classname="OpenMRS.TC_Annotations" name="find" time="0.012"/>
  <system-out/>
</testsuite> <!-- OpenMRS.TC_Annotations -->
