<?xml version="1.0" encoding="UTF-8"?>
<!-- Generated by org.testng.reporters.JUnitReportReporter -->
<testsuite hostname="DESKTOP-GCQC1IE" failures="0" tests="1" name="OpenMRS.TC_02_InvalidLogin" time="9.776" errors="0" timestamp="2022-08-10T13:24:57 IST" skipped="0">
  <testcase classname="OpenMRS.TC_02_InvalidLogin" name="login" time="9.776"/>
  <system-out/>
</testsuite> <!-- OpenMRS.TC_02_InvalidLogin -->
