<?xml version="1.0" encoding="UTF-8"?>
<!-- Generated by org.testng.reporters.JUnitReportReporter -->
<testsuite hostname="DESKTOP-GCQC1IE" failures="0" tests="1" name="Pages.ExtentReports_demo" time="1.326" errors="0" timestamp="2022-08-20T18:40:06 IST" skipped="0">
  <testcase classname="Pages.ExtentReports_demo" name="extentReports" time="1.326"/>
  <system-out/>
</testsuite> <!-- Pages.ExtentReports_demo -->
