<?xml version="1.0" encoding="UTF-8"?>
<!-- Generated by org.testng.reporters.JUnitReportReporter -->
<testsuite hostname="DESKTOP-GCQC1IE" failures="0" tests="1" name="OpenMRS.TC_02_InvalidUsername" time="9.401" errors="0" timestamp="2022-08-12T13:50:09 IST" skipped="0">
  <testcase classname="OpenMRS.TC_02_InvalidUsername" name="login" time="9.401"/>
  <system-out/>
</testsuite> <!-- OpenMRS.TC_02_InvalidUsername -->
