<?xml version="1.0" encoding="UTF-8"?>
<!-- Generated by org.testng.reporters.JUnitReportReporter -->
<testsuite hostname="DESKTOP-GCQC1IE" failures="0" tests="1" name="OpenMRS.TC_04_Location" time="12.211" errors="0" timestamp="2022-08-16T20:05:05 IST" skipped="0">
  <testcase classname="OpenMRS.TC_04_Location" name="login" time="12.211"/>
  <system-out/>
</testsuite> <!-- OpenMRS.TC_04_Location -->
